d:\assimp-master\lib\tools\assimp_cmd\assimp_cmd.dir\release\imageextractor.obj
d:\assimp-master\lib\tools\assimp_cmd\assimp_cmd.dir\release\comparedump.obj
d:\assimp-master\lib\tools\assimp_cmd\assimp_cmd.dir\release\writedump.obj
d:\assimp-master\lib\tools\assimp_cmd\assimp_cmd.dir\release\info.obj
d:\assimp-master\lib\tools\assimp_cmd\assimp_cmd.dir\release\export.obj
d:\assimp-master\lib\tools\assimp_cmd\assimp_cmd.dir\release\main.obj
d:\assimp-master\lib\tools\assimp_cmd\assimp_cmd.dir\release\vc142.pdb
d:\assimp-master\lib\tools\assimp_cmd\cmakefiles\generate.stamp
d:\assimp-master\lib\bin\release\assimp.exe
d:\assimp-master\lib\tools\assimp_cmd\assimp_cmd.dir\release\assimp_cmd.res
c:\users\alfonsolópezruiz\desktop\libraries\assimp\tools\assimp_cmd\assimp_cmd.dir\release\comparedump.obj
c:\users\alfonsolópezruiz\desktop\libraries\assimp\tools\assimp_cmd\assimp_cmd.dir\release\export.obj
c:\users\alfonsolópezruiz\desktop\libraries\assimp\tools\assimp_cmd\assimp_cmd.dir\release\imageextractor.obj
c:\users\alfonsolópezruiz\desktop\libraries\assimp\tools\assimp_cmd\assimp_cmd.dir\release\info.obj
c:\users\alfonsolópezruiz\desktop\libraries\assimp\tools\assimp_cmd\assimp_cmd.dir\release\main.obj
c:\users\alfonsolópezruiz\desktop\libraries\assimp\tools\assimp_cmd\assimp_cmd.dir\release\writedump.obj
c:\users\alfonsolópezruiz\desktop\libraries\assimp\tools\assimp_cmd\assimp_cmd.dir\release\assimp_cmd.res
c:\users\alfonsolópezruiz\desktop\libraries\assimp\tools\assimp_cmd\assimp_cmd.dir\release\vc142.pdb
c:\users\alfonsolópezruiz\desktop\libraries\assimp\tools\assimp_cmd\assimp_cmd.dir\release\assimp_cmd.tlog\cl.20104.write.1.tlog
c:\users\alfonsolópezruiz\desktop\libraries\assimp\tools\assimp_cmd\assimp_cmd.dir\release\assimp_cmd.tlog\cl.command.1.tlog
c:\users\alfonsolópezruiz\desktop\libraries\assimp\tools\assimp_cmd\assimp_cmd.dir\release\assimp_cmd.tlog\cl.read.1.tlog
c:\users\alfonsolópezruiz\desktop\libraries\assimp\tools\assimp_cmd\assimp_cmd.dir\release\assimp_cmd.tlog\custombuild.command.1.tlog
c:\users\alfonsolópezruiz\desktop\libraries\assimp\tools\assimp_cmd\assimp_cmd.dir\release\assimp_cmd.tlog\custombuild.read.1.tlog
c:\users\alfonsolópezruiz\desktop\libraries\assimp\tools\assimp_cmd\assimp_cmd.dir\release\assimp_cmd.tlog\custombuild.write.1.tlog
c:\users\alfonsolópezruiz\desktop\libraries\assimp\tools\assimp_cmd\assimp_cmd.dir\release\assimp_cmd.tlog\link.command.1.tlog
c:\users\alfonsolópezruiz\desktop\libraries\assimp\tools\assimp_cmd\assimp_cmd.dir\release\assimp_cmd.tlog\link.read.1.tlog
c:\users\alfonsolópezruiz\desktop\libraries\assimp\tools\assimp_cmd\assimp_cmd.dir\release\assimp_cmd.tlog\link.write.1.tlog
c:\users\alfonsolópezruiz\desktop\libraries\assimp\tools\assimp_cmd\assimp_cmd.dir\release\assimp_cmd.tlog\rc.command.1.tlog
c:\users\alfonsolópezruiz\desktop\libraries\assimp\tools\assimp_cmd\assimp_cmd.dir\release\assimp_cmd.tlog\rc.read.1.tlog
c:\users\alfonsolópezruiz\desktop\libraries\assimp\tools\assimp_cmd\assimp_cmd.dir\release\assimp_cmd.tlog\rc.write.1.tlog
