d:\assimp-master\lib\contrib\zlib\zlibstatic.dir\release\gzclose.obj
d:\assimp-master\lib\contrib\zlib\zlibstatic.dir\release\inflate.obj
d:\assimp-master\lib\contrib\zlib\zlibstatic.dir\release\gzread.obj
d:\assimp-master\lib\contrib\zlib\zlibstatic.dir\release\trees.obj
d:\assimp-master\lib\contrib\zlib\zlibstatic.dir\release\adler32.obj
d:\assimp-master\lib\contrib\zlib\zlibstatic.dir\release\compress.obj
d:\assimp-master\lib\contrib\zlib\zlibstatic.dir\release\infback.obj
d:\assimp-master\lib\contrib\zlib\zlibstatic.dir\release\gzwrite.obj
d:\assimp-master\lib\contrib\zlib\zlibstatic.dir\release\inffast.obj
d:\assimp-master\lib\contrib\zlib\zlibstatic.dir\release\deflate.obj
d:\assimp-master\lib\contrib\zlib\zlibstatic.dir\release\gzlib.obj
d:\assimp-master\lib\contrib\zlib\zlibstatic.dir\release\inftrees.obj
d:\assimp-master\lib\contrib\zlib\zlibstatic.dir\release\crc32.obj
d:\assimp-master\lib\contrib\zlib\zlibstatic.dir\release\uncompr.obj
d:\assimp-master\lib\contrib\zlib\zlibstatic.dir\release\zutil.obj
d:\assimp-master\lib\contrib\zlib\cmakefiles\generate.stamp
d:\assimp-master\lib\contrib\zlib\release\zlibstatic.lib
c:\users\alfonsolópezruiz\desktop\libraries\assimp\contrib\zlib\zlibstatic.dir\release\adler32.obj
c:\users\alfonsolópezruiz\desktop\libraries\assimp\contrib\zlib\zlibstatic.dir\release\compress.obj
c:\users\alfonsolópezruiz\desktop\libraries\assimp\contrib\zlib\zlibstatic.dir\release\crc32.obj
c:\users\alfonsolópezruiz\desktop\libraries\assimp\contrib\zlib\zlibstatic.dir\release\deflate.obj
c:\users\alfonsolópezruiz\desktop\libraries\assimp\contrib\zlib\zlibstatic.dir\release\gzclose.obj
c:\users\alfonsolópezruiz\desktop\libraries\assimp\contrib\zlib\zlibstatic.dir\release\gzlib.obj
c:\users\alfonsolópezruiz\desktop\libraries\assimp\contrib\zlib\zlibstatic.dir\release\gzread.obj
c:\users\alfonsolópezruiz\desktop\libraries\assimp\contrib\zlib\zlibstatic.dir\release\gzwrite.obj
c:\users\alfonsolópezruiz\desktop\libraries\assimp\contrib\zlib\zlibstatic.dir\release\infback.obj
c:\users\alfonsolópezruiz\desktop\libraries\assimp\contrib\zlib\zlibstatic.dir\release\inffast.obj
c:\users\alfonsolópezruiz\desktop\libraries\assimp\contrib\zlib\zlibstatic.dir\release\inflate.obj
c:\users\alfonsolópezruiz\desktop\libraries\assimp\contrib\zlib\zlibstatic.dir\release\inftrees.obj
c:\users\alfonsolópezruiz\desktop\libraries\assimp\contrib\zlib\zlibstatic.dir\release\trees.obj
c:\users\alfonsolópezruiz\desktop\libraries\assimp\contrib\zlib\zlibstatic.dir\release\uncompr.obj
c:\users\alfonsolópezruiz\desktop\libraries\assimp\contrib\zlib\zlibstatic.dir\release\zutil.obj
c:\users\alfonsolópezruiz\desktop\libraries\assimp\contrib\zlib\zlibstatic.dir\release\zlibstatic.tlog\cl.18628.write.1.tlog
c:\users\alfonsolópezruiz\desktop\libraries\assimp\contrib\zlib\zlibstatic.dir\release\zlibstatic.tlog\cl.command.1.tlog
c:\users\alfonsolópezruiz\desktop\libraries\assimp\contrib\zlib\zlibstatic.dir\release\zlibstatic.tlog\cl.read.1.tlog
c:\users\alfonsolópezruiz\desktop\libraries\assimp\contrib\zlib\zlibstatic.dir\release\zlibstatic.tlog\custombuild.command.1.tlog
c:\users\alfonsolópezruiz\desktop\libraries\assimp\contrib\zlib\zlibstatic.dir\release\zlibstatic.tlog\custombuild.read.1.tlog
c:\users\alfonsolópezruiz\desktop\libraries\assimp\contrib\zlib\zlibstatic.dir\release\zlibstatic.tlog\custombuild.write.1.tlog
c:\users\alfonsolópezruiz\desktop\libraries\assimp\contrib\zlib\zlibstatic.dir\release\zlibstatic.tlog\lib-link.read.1.tlog
c:\users\alfonsolópezruiz\desktop\libraries\assimp\contrib\zlib\zlibstatic.dir\release\zlibstatic.tlog\lib-link.write.1.tlog
c:\users\alfonsolópezruiz\desktop\libraries\assimp\contrib\zlib\zlibstatic.dir\release\zlibstatic.tlog\lib.command.1.tlog
