  AABB.cpp
  DrawAABB.cpp
  DrawCloud3d.cpp
  DrawLine3d.cpp
  DrawPlane.cpp
  DrawRay3d.cpp
  DrawSegment3d.cpp
  DrawTriangle3d.cpp
  DrawTriangleModel.cpp
  DrawVect3d.cpp
  Edge3d.cpp
  Line3d.cpp
  Plane.cpp
  PointCloud3d.cpp
  Ray3d.cpp
  Segment3d.cpp
  Triangle3d.cpp
  TriangleModel.cpp
  Vect3d.cpp
  Bezier.cpp
  Circle.cpp
  DrawBezier.cpp
  DrawLine.cpp
C:\Github\Alg-Geometricos\Geometricos\Geometricos\Bezier.cpp(40,38): warning C4244: 'argumento': conversión de 'size_t' a 'float'; posible pérdida de datos
C:\Github\Alg-Geometricos\Geometricos\Geometricos\Bezier.cpp(40,58): warning C4244: 'argumento': conversión de 'size_t' a 'float'; posible pérdida de datos
C:\Github\Alg-Geometricos\Geometricos\Geometricos\3d\Triangle3d.cpp(97,33): warning C4305: 'inicializando': truncamiento de 'double' a 'float'
  DrawPoint.cpp
  DrawPointCloud.cpp
  DrawPolygon.cpp
  DrawRay.cpp
  DrawSegment.cpp
  DrawTriangle.cpp
  Line.cpp
  Point.cpp
  PointCloud.cpp
  PolygonGeo.cpp
  RayLine.cpp
  SegmentLine.cpp
  Triangle.cpp
  Vect2d.cpp
  Vertex.cpp
  main.cpp
LINK : warning LNK4098: la biblioteca predeterminada'MSVCRT' entra en conflicto con otras bibliotecas; use la biblioteca /NODEFAULTLIB:biblioteca
  Geometricos.vcxproj -> C:\Github\Alg-Geometricos\Geometricos\x64\Debug\Geometricos.exe
