
C:\Github\Alg-Geometricos\Geometricos\x64\Debug\gmp-10.dll
C:\Github\Alg-Geometricos\Geometricos\x64\Debug\pcl_commond.dll
C:\Github\Alg-Geometricos\Geometricos\x64\Debug\pcl_iod.dll
C:\Github\Alg-Geometricos\Geometricos\x64\Debug\boost_filesystem-vc142-mt-gd-x64-1_78.dll
C:\Github\Alg-Geometricos\Geometricos\x64\Debug\boost_iostreams-vc142-mt-gd-x64-1_78.dll
C:\Github\Alg-Geometricos\Geometricos\x64\Debug\zlibd1.dll
C:\Github\Alg-Geometricos\Geometricos\x64\Debug\bz2d.dll
C:\Github\Alg-Geometricos\Geometricos\x64\Debug\lzmad.dll
C:\Github\Alg-Geometricos\Geometricos\x64\Debug\zstdd.dll
C:\Github\Alg-Geometricos\Geometricos\x64\Debug\pcl_io_plyd.dll
C:\Github\Alg-Geometricos\Geometricos\x64\Debug\libpng16d.dll
C:\Github\Alg-Geometricos\Geometricos\x64\Debug\pcl_searchd.dll
C:\Github\Alg-Geometricos\Geometricos\x64\Debug\pcl_octreed.dll
C:\Github\Alg-Geometricos\Geometricos\x64\Debug\pcl_kdtreed.dll
C:\Github\Alg-Geometricos\Geometricos\x64\Debug\lz4d.dll
C:\Github\Alg-Geometricos\Geometricos\x64\Debug\pcl_segmentationd.dll
C:\Github\Alg-Geometricos\Geometricos\x64\Debug\pcl_mld.dll
C:\Github\Alg-Geometricos\Geometricos\x64\Debug\pcl_featuresd.dll
C:\Github\Alg-Geometricos\Geometricos\x64\Debug\pcl_filtersd.dll
C:\Github\Alg-Geometricos\Geometricos\x64\Debug\pcl_sample_consensusd.dll
